2023-11-16T21:35:17.436Z [test] info: MQ Client Connected For: 127.0.0.1
2023-11-16T21:35:17.476Z [test] info: Mongo Client Connected For DB: ps
2023-11-16T21:35:17.478Z [test] info: Redis Client Connected For DB: 11
2023-11-16T21:35:17.479Z [test] info: Lookup Cache Initialized...
2023-11-16T21:35:17.479Z [test] info: Redis Client Connected For DB: 12
2023-11-16T21:35:17.480Z [test] info: Request Cache Initialized...
2023-11-16T21:35:18.086Z [test] info: Protocol Server started on PORT : 5002
2023-11-16T21:35:18.086Z [test] info: Protocol Server Started Successfully
2023-11-16T21:35:18.086Z [test] info: Mode: BPP
2023-11-16T21:35:18.087Z [test] info: Gateway Type: NETWORK
2023-11-16T21:56:26.291Z [test] info: MQ Client Connected For: 127.0.0.1
2023-11-16T21:56:26.307Z [test] info: Mongo Client Connected For DB: ps
2023-11-16T21:56:26.309Z [test] info: Redis Client Connected For DB: 11
2023-11-16T21:56:26.309Z [test] info: Lookup Cache Initialized...
2023-11-16T21:56:26.309Z [test] info: Redis Client Connected For DB: 12
2023-11-16T21:56:26.310Z [test] info: Request Cache Initialized...
2023-11-16T21:56:26.923Z [test] info: Protocol Server started on PORT : 5002
2023-11-16T21:56:26.924Z [test] info: Protocol Server Started Successfully
2023-11-16T21:56:26.924Z [test] info: Mode: BPP
2023-11-16T21:56:26.924Z [test] info: Gateway Type: NETWORK
